<?xml version="1.0" encoding="UTF-8"?>
<testng-results ignored="0" total="2" passed="2" failed="0" skipped="0">
  <reporter-output>
    <line>
      <![CDATA[Setting up reports and test is getting ready]]>
    </line>
    <line>
      <![CDATA[Setting Done - Test can be started]]>
    </line>
    <line>
      <![CDATA[Test is about to end]]>
    </line>
    <line>
      <![CDATA[Test completed >> Report Generated]]>
    </line>
    <line>
      <![CDATA[Test is about to end]]>
    </line>
    <line>
      <![CDATA[Test completed >> Report Generated]]>
    </line>
  </reporter-output>
  <suite started-at="2022-03-08T10:56:05 IST" name="Suite" finished-at="2022-03-08T10:57:48 IST" duration-ms="102453">
    <groups>
    </groups>
    <test started-at="2022-03-08T10:56:05 IST" name="Test" finished-at="2022-03-08T10:57:48 IST" duration-ms="102453">
      <class name="com.appium.testcases.LoginToExpertRepublicApp">
        <test-method is-config="true" signature="setUpexcelSuite()[pri:0, instance:com.appium.testcases.LoginToExpertRepublicApp@564fabc8]" started-at="2022-03-08T10:56:05 IST" name="setUpexcelSuite" finished-at="2022-03-08T10:56:05 IST" duration-ms="499" status="PASS">
          <reporter-output>
            <line>
              <![CDATA[Setting up reports and test is getting ready]]>
            </line>
            <line>
              <![CDATA[Setting Done - Test can be started]]>
            </line>
          </reporter-output>
        </test-method> <!-- setUpexcelSuite -->
        <test-method is-config="true" signature="setup()[pri:0, instance:com.appium.testcases.LoginToExpertRepublicApp@564fabc8]" started-at="2022-03-08T10:56:05 IST" name="setup" finished-at="2022-03-08T10:56:27 IST" duration-ms="21754" status="PASS">
          <reporter-output>
          </reporter-output>
        </test-method> <!-- setup -->
        <test-method signature="LoginToApp()[pri:1, instance:com.appium.testcases.LoginToExpertRepublicApp@564fabc8]" started-at="2022-03-08T10:56:27 IST" name="LoginToApp" finished-at="2022-03-08T10:57:10 IST" duration-ms="42488" status="PASS">
          <reporter-output>
          </reporter-output>
        </test-method> <!-- LoginToApp -->
        <test-method is-config="true" signature="tearDownMethod(org.testng.ITestResult)[pri:0, instance:com.appium.testcases.LoginToExpertRepublicApp@564fabc8]" started-at="2022-03-08T10:57:10 IST" name="tearDownMethod" finished-at="2022-03-08T10:57:10 IST" duration-ms="982" status="PASS">
          <params>
            <param index="0">
              <value>
                <![CDATA[[TestResult name=LoginToApp status=SUCCESS method=LoginToExpertRepublicApp.LoginToApp()[pri:1, instance:com.appium.testcases.LoginToExpertRepublicApp@564fabc8] output={null}]]]>
              </value>
            </param>
          </params>
          <reporter-output>
            <line>
              <![CDATA[Test is about to end]]>
            </line>
            <line>
              <![CDATA[Test completed >> Report Generated]]>
            </line>
          </reporter-output>
        </test-method> <!-- tearDownMethod -->
        <test-method signature="LogOutFromApp()[pri:2, instance:com.appium.testcases.LoginToExpertRepublicApp@564fabc8]" started-at="2022-03-08T10:57:10 IST" name="LogOutFromApp" finished-at="2022-03-08T10:57:47 IST" duration-ms="36115" status="PASS">
          <reporter-output>
          </reporter-output>
        </test-method> <!-- LogOutFromApp -->
        <test-method is-config="true" signature="tearDownMethod(org.testng.ITestResult)[pri:0, instance:com.appium.testcases.LoginToExpertRepublicApp@564fabc8]" started-at="2022-03-08T10:57:47 IST" name="tearDownMethod" finished-at="2022-03-08T10:57:48 IST" duration-ms="1078" status="PASS">
          <params>
            <param index="0">
              <value>
                <![CDATA[[TestResult name=LogOutFromApp status=SUCCESS method=LoginToExpertRepublicApp.LogOutFromApp()[pri:2, instance:com.appium.testcases.LoginToExpertRepublicApp@564fabc8] output={null}]]]>
              </value>
            </param>
          </params>
          <reporter-output>
            <line>
              <![CDATA[Test is about to end]]>
            </line>
            <line>
              <![CDATA[Test completed >> Report Generated]]>
            </line>
          </reporter-output>
        </test-method> <!-- tearDownMethod -->
      </class> <!-- com.appium.testcases.LoginToExpertRepublicApp -->
    </test> <!-- Test -->
  </suite> <!-- Suite -->
</testng-results>
