<?xml version="1.0" encoding="UTF-8"?>
<!-- Generated by org.testng.reporters.JUnitXMLReporter -->
<testsuite ignored="0" hostname="DESKTOP-8GE107Q" failures="0" tests="2" name="Default test" time="100.981" errors="0" timestamp="2022-03-07T18:09:46 IST">
  <testcase classname="com.appium.testcases.LoginToExpertRepublicApp" name="LoginToApp" time="41.903"/>
  <testcase classname="com.appium.testcases.LoginToExpertRepublicApp" name="LogOutFromApp" time="36.401"/>
</testsuite> <!-- Default test -->
