<?xml version="1.0" encoding="UTF-8"?>
<!-- Generated by org.testng.reporters.JUnitXMLReporter -->
<testsuite ignored="1" hostname="DESKTOP-8GE107Q" failures="0" tests="1" name="Test" time="88.377" errors="0" timestamp="2022-03-09T10:50:14 IST">
  <testcase classname="com.appium.testcases.LoginToExpertRepublicApp" name="LoginToApp" time="57.474"/>
  <testcase classname="com.appium.testcases.LoginToExpertRepublicApp" name="LogOutFromApp" time="0.0">
    <ignored/>
  </testcase> <!-- LogOutFromApp -->
</testsuite> <!-- Test -->
