<?xml version="1.0" encoding="UTF-8"?>
<testsuite xmlns:xsi="http://www.w3.org/2001/XMLSchema-instance" xsi:noNamespaceSchemaLocation="https://maven.apache.org/surefire/maven-surefire-plugin/xsd/surefire-test-report-3.0.xsd" version="3.0" name="TestSuite" time="89.143" tests="1" errors="0" skipped="0" failures="0">
  <properties>
[...]
</properties>
  <testcase name="LoginToApp" classname="com.appium.testcases.LoginToExpertRepublicApp" time="57.477">
    <system-out><![CDATA[Setting up reports and test is getting ready
Setting Done - Test can be started
Application started
----->>main category clicked.........>>
----->>main category clicked.........>>
----->>Sub category clicked.........>>
----->>Chat with expert button clicked.........>>
----->>Login button clicked.........>>
----->>Email entered.........>>
----->>Password entered.........>>
----->>Login button clicked.........>>
Screenshot captured
]]></system-out>
    <system-err><![CDATA[Mar 09, 2022 10:48:55 AM io.appium.java_client.remote.AppiumCommandExecutor$1 lambda$0
INFO: Detected dialect: W3C
]]></system-err>
  </testcase>
</testsuite>