<?xml version="1.0" encoding="UTF-8"?>
<testng-results ignored="0" total="2" passed="2" failed="0" skipped="0">
  <reporter-output>
    <line>
      <![CDATA[Setting up reports and test is getting ready]]>
    </line>
    <line>
      <![CDATA[Setting Done - Test can be started]]>
    </line>
    <line>
      <![CDATA[Test is about to end]]>
    </line>
    <line>
      <![CDATA[Test completed >> Report Generated]]>
    </line>
    <line>
      <![CDATA[Test is about to end]]>
    </line>
    <line>
      <![CDATA[Test completed >> Report Generated]]>
    </line>
  </reporter-output>
  <suite started-at="2022-03-08T11:53:33 IST" name="Suite" finished-at="2022-03-08T11:55:15 IST" duration-ms="102298">
    <groups>
    </groups>
    <test started-at="2022-03-08T11:53:33 IST" name="Test" finished-at="2022-03-08T11:55:15 IST" duration-ms="102298">
      <class name="com.appium.testcases.LoginToExpertRepublicApp">
        <test-method is-config="true" signature="setUpexcelSuite()[pri:0, instance:com.appium.testcases.LoginToExpertRepublicApp@57c758ac]" started-at="2022-03-08T11:53:33 IST" name="setUpexcelSuite" finished-at="2022-03-08T11:53:33 IST" duration-ms="464" status="PASS">
          <reporter-output>
            <line>
              <![CDATA[Setting up reports and test is getting ready]]>
            </line>
            <line>
              <![CDATA[Setting Done - Test can be started]]>
            </line>
          </reporter-output>
        </test-method> <!-- setUpexcelSuite -->
        <test-method is-config="true" signature="setup()[pri:0, instance:com.appium.testcases.LoginToExpertRepublicApp@57c758ac]" started-at="2022-03-08T11:53:33 IST" name="setup" finished-at="2022-03-08T11:53:52 IST" duration-ms="18542" status="PASS">
          <reporter-output>
          </reporter-output>
        </test-method> <!-- setup -->
        <test-method signature="LoginToApp()[pri:1, instance:com.appium.testcases.LoginToExpertRepublicApp@57c758ac]" started-at="2022-03-08T11:53:52 IST" name="LoginToApp" finished-at="2022-03-08T11:54:34 IST" duration-ms="42797" status="PASS">
          <reporter-output>
          </reporter-output>
        </test-method> <!-- LoginToApp -->
        <test-method is-config="true" signature="tearDownMethod(org.testng.ITestResult)[pri:0, instance:com.appium.testcases.LoginToExpertRepublicApp@57c758ac]" started-at="2022-03-08T11:54:34 IST" name="tearDownMethod" finished-at="2022-03-08T11:54:36 IST" duration-ms="1118" status="PASS">
          <params>
            <param index="0">
              <value>
                <![CDATA[[TestResult name=LoginToApp status=SUCCESS method=LoginToExpertRepublicApp.LoginToApp()[pri:1, instance:com.appium.testcases.LoginToExpertRepublicApp@57c758ac] output={null}]]]>
              </value>
            </param>
          </params>
          <reporter-output>
            <line>
              <![CDATA[Test is about to end]]>
            </line>
            <line>
              <![CDATA[Test completed >> Report Generated]]>
            </line>
          </reporter-output>
        </test-method> <!-- tearDownMethod -->
        <test-method signature="LogOutFromApp()[pri:2, instance:com.appium.testcases.LoginToExpertRepublicApp@57c758ac]" started-at="2022-03-08T11:54:36 IST" name="LogOutFromApp" finished-at="2022-03-08T11:55:14 IST" duration-ms="38509" status="PASS">
          <reporter-output>
          </reporter-output>
        </test-method> <!-- LogOutFromApp -->
        <test-method is-config="true" signature="tearDownMethod(org.testng.ITestResult)[pri:0, instance:com.appium.testcases.LoginToExpertRepublicApp@57c758ac]" started-at="2022-03-08T11:55:14 IST" name="tearDownMethod" finished-at="2022-03-08T11:55:15 IST" duration-ms="1304" status="PASS">
          <params>
            <param index="0">
              <value>
                <![CDATA[[TestResult name=LogOutFromApp status=SUCCESS method=LoginToExpertRepublicApp.LogOutFromApp()[pri:2, instance:com.appium.testcases.LoginToExpertRepublicApp@57c758ac] output={null}]]]>
              </value>
            </param>
          </params>
          <reporter-output>
            <line>
              <![CDATA[Test is about to end]]>
            </line>
            <line>
              <![CDATA[Test completed >> Report Generated]]>
            </line>
          </reporter-output>
        </test-method> <!-- tearDownMethod -->
      </class> <!-- com.appium.testcases.LoginToExpertRepublicApp -->
    </test> <!-- Test -->
  </suite> <!-- Suite -->
</testng-results>
